<?xml version="1.0" encoding="UTF-8"?>
<testExecutions version="1">
  <file path="C:\Users\CAMILO SANMIGUEL\Documents\calidad\my-app\src\App.test.tsx">
  </file>
</testExecutions>